<?xml version="1.0" encoding="UTF-8"?>
<testsuite xmlns:xsi="http://www.w3.org/2001/XMLSchema-instance" xsi:noNamespaceSchemaLocation="https://maven.apache.org/surefire/maven-surefire-plugin/xsd/surefire-test-report.xsd" name="com.sandy.TradeTest" time="55.969" tests="6" errors="0" skipped="0" failures="0">
  <properties>
[...]
</properties>
  <testcase name="TradeUnAuthSupplierTest" classname="com.sandy.TradeTest" time="2.017"/>
  <testcase name="TradeUnAuthPurchaserTest" classname="com.sandy.TradeTest" time="3.452"/>
  <testcase name="TradeUnAuthAdminTest" classname="com.sandy.TradeTest" time="2.773"/>
  <testcase name="TradeAuthSupplierTest" classname="com.sandy.TradeTest" time="8.816"/>
  <testcase name="TradeAuthPurchaserTest" classname="com.sandy.TradeTest" time="8.503"/>
  <testcase name="TradeAuthAdminTest" classname="com.sandy.TradeTest" time="30.307"/>
</testsuite>